

Starting up. 02:36.26
---------------------

ADMIN: Loading jobban_rank
ADMIN: jobban_keylist was empty
ADMIN: Updating jobbanfile!
ADMIN: Loading goon_keylist
ADMIN: Loading Banlist
ACCESS: Login: Drongood12/(Drongood12) from localhost
ADMIN: Drongood12/(Drongood12) set the mode as meteor.
ACCESS: Logout: *no client*/(Drongood12)
ACCESS: Login: Drongood12/(Yahir Mathews) from localhost
ACCESS: Logout: Drongood12/(Yahir Mathews)


Starting up. 02:41.24
---------------------

ADMIN: Loading jobban_rank
ADMIN: jobban_keylist was empty
ADMIN: Updating jobbanfile!
ADMIN: Loading goon_keylist
ADMIN: Loading Banlist
ACCESS: Login: Drongood12/(Drongood12) from localhost
ACCESS: Logout: *no client*/(Drongood12)
ACCESS: Login: Drongood12/(Joel Pavlov) from localhost
ACCESS: Logout: Drongood12/(Joel Pavlov)


Starting up. 02:51.08
---------------------

ADMIN: Loading jobban_rank
ADMIN: jobban_keylist was empty
ADMIN: Updating jobbanfile!
ADMIN: Loading goon_keylist
ADMIN: Loading Banlist
ACCESS: Login: Drongood12/(Drongood12) from localhost
ADMIN: Drongood12/(Drongood12) set the mode as extended.
ACCESS: Logout: *no client*/(Drongood12)
ACCESS: Login: Drongood12/(observer) from localhost
ACCESS: Logout: Drongood12/(Elliott Treeby)


Starting up. 02:52.04
---------------------

ADMIN: Loading jobban_rank
ADMIN: jobban_keylist was empty
ADMIN: Updating jobbanfile!
ADMIN: Loading goon_keylist
ADMIN: Loading Banlist
ACCESS: Login: Drongood12/(Drongood12) from localhost
ACCESS: Logout: *no client*/(Drongood12)
ACCESS: Login: Drongood12/(observer) from localhost
ACCESS: Logout: Drongood12/(Amos Marshall)


Starting up. 02:52.30
---------------------

ADMIN: Loading jobban_rank
ADMIN: jobban_keylist was empty
ADMIN: Updating jobbanfile!
ADMIN: Loading goon_keylist
ADMIN: Loading Banlist
ACCESS: Login: Drongood12/(Drongood12) from localhost
ACCESS: Logout: Drongood12/(Drongood12)


Starting up. 02:57.22
---------------------

ADMIN: Loading jobban_rank
ADMIN: jobban_keylist was empty
ADMIN: Updating jobbanfile!
ADMIN: Loading goon_keylist
ADMIN: Loading Banlist
ACCESS: Login: Drongood12/(Drongood12) from localhost
ACCESS: Logout: Drongood12/(Drongood12)


Starting up. 02:58.14
---------------------

ADMIN: Loading jobban_rank
ADMIN: jobban_keylist was empty
ADMIN: Updating jobbanfile!
ADMIN: Loading goon_keylist
ADMIN: Loading Banlist
ACCESS: Login: Drongood12/(Drongood12) from localhost
ACCESS: Logout: Drongood12/(Drongood12)


Starting up. 02:58.40
---------------------

ADMIN: Loading jobban_rank
ADMIN: jobban_keylist was empty
ADMIN: Updating jobbanfile!
ADMIN: Loading goon_keylist
ADMIN: Loading Banlist
ACCESS: Login: Drongood12/(Drongood12) from localhost
ACCESS: Logout: Drongood12/(Drongood12)


Starting up. 03:06.57
---------------------

ADMIN: Loading jobban_rank
ADMIN: jobban_keylist was empty
ADMIN: Updating jobbanfile!
ADMIN: Loading goon_keylist
ADMIN: Loading Banlist
ACCESS: Login: Drongood12/(Drongood12) from localhost
ACCESS: Logout: Drongood12/(Drongood12)


Starting up. 03:14.01
---------------------

ADMIN: Loading jobban_rank
ADMIN: jobban_keylist was empty
ADMIN: Updating jobbanfile!
ADMIN: Loading goon_keylist
ADMIN: Loading Banlist
ACCESS: Login: Drongood12/(Drongood12) from localhost
ACCESS: Logout: Drongood12/(Drongood12)


Starting up. 03:16.07
---------------------

ADMIN: Loading jobban_rank
ADMIN: jobban_keylist was empty
ADMIN: Updating jobbanfile!
ADMIN: Loading goon_keylist
ADMIN: Loading Banlist
ACCESS: Login: Drongood12/(Drongood12) from localhost
ACCESS: Logout: Drongood12/(Drongood12)


Starting up. 03:17.43
---------------------

ADMIN: Loading jobban_rank
ADMIN: jobban_keylist was empty
ADMIN: Updating jobbanfile!
ADMIN: Loading goon_keylist
ADMIN: Loading Banlist
ACCESS: Login: Drongood12/(Drongood12) from localhost
ACCESS: Logout: Drongood12/(Drongood12)


Starting up. 03:21.03
---------------------

ADMIN: Loading jobban_rank
ADMIN: jobban_keylist was empty
ADMIN: Updating jobbanfile!
ADMIN: Loading goon_keylist
ADMIN: Loading Banlist
ACCESS: Login: Drongood12/(Drongood12) from localhost
ACCESS: Logout: Drongood12/(Drongood12)


Starting up. 03:23.38
---------------------

ADMIN: Loading jobban_rank
ADMIN: jobban_keylist was empty
ADMIN: Updating jobbanfile!
ADMIN: Loading goon_keylist
ADMIN: Loading Banlist
ACCESS: Login: Drongood12/(Drongood12) from localhost
ACCESS: Logout: Drongood12/(Drongood12)


Starting up. 03:32.47
---------------------

ADMIN: Loading jobban_rank
ADMIN: jobban_keylist was empty
ADMIN: Updating jobbanfile!
ADMIN: Loading goon_keylist
ADMIN: Loading Banlist
ACCESS: Login: Drongood12/(Drongood12) from localhost
ACCESS: Logout: Drongood12/(Drongood12)


Starting up. 04:00.29
---------------------

ADMIN: Loading jobban_rank
ADMIN: jobban_keylist was empty
ADMIN: Updating jobbanfile!
ADMIN: Loading goon_keylist
ADMIN: Loading Banlist
ACCESS: Login: Drongood12/(Drongood12) from localhost
ACCESS: Logout: Drongood12/(Drongood12)


Starting up. 04:07.43
---------------------

ADMIN: Loading jobban_rank
ADMIN: jobban_keylist was empty
ADMIN: Updating jobbanfile!
ADMIN: Loading goon_keylist
ADMIN: Loading Banlist
ACCESS: Login: Drongood12/(Drongood12) from localhost
ACCESS: Logout: *no client*/(Drongood12)
ACCESS: Login: Drongood12/(Cassian Isaman) from localhost
ACCESS: Logout: Drongood12/(Cassian Isaman)


Starting up. 04:16.23
---------------------

ADMIN: Loading jobban_rank
ADMIN: jobban_keylist was empty
ADMIN: Updating jobbanfile!
ADMIN: Loading goon_keylist
ADMIN: Loading Banlist
ACCESS: Login: Drongood12/(Drongood12) from localhost
ACCESS: Logout: Drongood12/(Drongood12)


Starting up. 04:16.58
---------------------

ADMIN: Loading jobban_rank
ADMIN: jobban_keylist was empty
ADMIN: Updating jobbanfile!
ADMIN: Loading goon_keylist
ADMIN: Loading Banlist
ACCESS: Login: Drongood12/(Drongood12) from localhost
ACCESS: Logout: Drongood12/(Drongood12)


Starting up. 04:17.56
---------------------

ADMIN: Loading jobban_rank
ADMIN: jobban_keylist was empty
ADMIN: Updating jobbanfile!
ADMIN: Loading goon_keylist
ADMIN: Loading Banlist
ACCESS: Login: Drongood12/(Drongood12) from localhost
ACCESS: Logout: Drongood12/(Drongood12)


Starting up. 04:22.53
---------------------

ADMIN: Loading jobban_rank
ADMIN: jobban_keylist was empty
ADMIN: Updating jobbanfile!
ADMIN: Loading goon_keylist
ADMIN: Loading Banlist


Starting up. 04:24.07
---------------------

ADMIN: Loading jobban_rank
ADMIN: jobban_keylist was empty
ADMIN: Updating jobbanfile!
ADMIN: Loading goon_keylist
ADMIN: Loading Banlist
ACCESS: Login: Drongood12/(Drongood12) from localhost
ACCESS: Logout: Drongood12/(Drongood12)


Starting up. 04:27.47
---------------------

ADMIN: Loading jobban_rank
ADMIN: jobban_keylist was empty
ADMIN: Updating jobbanfile!
ADMIN: Loading goon_keylist
ADMIN: Loading Banlist
ACCESS: Login: Drongood12/(Drongood12) from localhost
ACCESS: Logout: Drongood12/(Drongood12)


Starting up. 04:28.34
---------------------

ADMIN: Loading jobban_rank
ADMIN: jobban_keylist was empty
ADMIN: Updating jobbanfile!
ADMIN: Loading goon_keylist
ADMIN: Loading Banlist
ACCESS: Login: Drongood12/(Drongood12) from localhost
ACCESS: Logout: Drongood12/(Drongood12)


Starting up. 04:29.39
---------------------

ADMIN: Loading jobban_rank
ADMIN: jobban_keylist was empty
ADMIN: Updating jobbanfile!
ADMIN: Loading goon_keylist
ADMIN: Loading Banlist
ACCESS: Login: Drongood12/(Drongood12) from localhost
ACCESS: Logout: Drongood12/(Drongood12)


Starting up. 04:41.05
---------------------

ADMIN: Loading jobban_rank
ADMIN: jobban_keylist was empty
ADMIN: Updating jobbanfile!
ADMIN: Loading goon_keylist
ADMIN: Loading Banlist
ACCESS: Login: Drongood12/(Drongood12) from localhost


Starting up. 04:45.39
---------------------

ADMIN: Loading jobban_rank
ADMIN: jobban_keylist was empty
ADMIN: Updating jobbanfile!
ADMIN: Loading goon_keylist
ADMIN: Loading Banlist
ACCESS: Login: Drongood12/(Drongood12) from localhost
ACCESS: Logout: Drongood12/(Drongood12)


Starting up. 04:55.50
---------------------

ADMIN: Loading jobban_rank
ADMIN: jobban_keylist was empty
ADMIN: Updating jobbanfile!
ADMIN: Loading goon_keylist
ADMIN: Loading Banlist
ACCESS: Login: Drongood12/(Drongood12) from localhost
ACCESS: Logout: *no client*/(Drongood12)
ACCESS: Login: Drongood12/(Victor Gray) from localhost
ADMIN: Drongood12/(Victor Gray) deleted   at (0,0,0)
ACCESS: Logout: Drongood12/(Victor Gray)


Starting up. 05:24.02
---------------------

ADMIN: Loading jobban_rank
ADMIN: jobban_keylist was empty
ADMIN: Updating jobbanfile!
ADMIN: Loading goon_keylist
ADMIN: Loading Banlist
ACCESS: Login: Drongood12/(Drongood12) from localhost


Starting up. 05:26.56
---------------------

ADMIN: Loading jobban_rank
ADMIN: jobban_keylist was empty
ADMIN: Updating jobbanfile!
ADMIN: Loading goon_keylist
ADMIN: Loading Banlist
ACCESS: Login: Drongood12/(Drongood12) from localhost


Starting up. 05:33.06
---------------------

ADMIN: Loading jobban_rank
ADMIN: jobban_keylist was empty
ADMIN: Updating jobbanfile!
ADMIN: Loading goon_keylist
ADMIN: Loading Banlist
ACCESS: Login: Drongood12/(Drongood12) from localhost
GAME: Rebooting because of no live players
ACCESS: Logout: Drongood12/(Drongood12)


Starting up. 05:36.22
---------------------

ADMIN: Loading jobban_rank
ADMIN: jobban_keylist was empty
ADMIN: Updating jobbanfile!
ADMIN: Loading goon_keylist
ADMIN: Loading Banlist
ACCESS: Login: Drongood12/(Drongood12) from localhost


Starting up. 05:39.27
---------------------

ADMIN: Loading jobban_rank
ADMIN: jobban_keylist was empty
ADMIN: Updating jobbanfile!
ADMIN: Loading goon_keylist
ADMIN: Loading Banlist
ACCESS: Login: Drongood12/(Drongood12) from localhost
ACCESS: Logout: Drongood12/(Drongood12)


Starting up. 05:54.35
---------------------

ADMIN: Loading jobban_rank
ADMIN: jobban_keylist was empty
ADMIN: Updating jobbanfile!
ADMIN: Loading goon_keylist
ADMIN: Loading Banlist
ACCESS: Login: Drongood12/(Drongood12) from localhost
ACCESS: Logout: *no client*/(Drongood12)
ACCESS: Login: Drongood12/(Sal Butterfill) from localhost


Starting up. 05:57.23
---------------------

ADMIN: Loading jobban_rank
ADMIN: jobban_keylist was empty
ADMIN: Updating jobbanfile!
ADMIN: Loading goon_keylist
ADMIN: Loading Banlist
ACCESS: Login: Drongood12/(Drongood12) from localhost
ACCESS: Logout: *no client*/(Drongood12)
ACCESS: Login: Drongood12/(Lane Zoucks) from localhost
ADMIN: Drongood12/(Lane Zoucks) healed / revived Drongood12/(Lane Zoucks)
ADMIN: Drongood12/(Lane Zoucks) jumped to 78,83,1 in Construction Area
ACCESS: Logout: Drongood12/(Lane Zoucks)


Starting up. 06:15.41
---------------------

ADMIN: Loading jobban_rank
ADMIN: jobban_keylist was empty
ADMIN: Updating jobbanfile!
ADMIN: Loading goon_keylist
ADMIN: Loading Banlist
ACCESS: Login: Drongood12/(Drongood12) from localhost
ACCESS: Logout: *no client*/(Drongood12)
ACCESS: Login: Drongood12/(Lane Pfeifer) from localhost
ACCESS: Logout: Drongood12/(Lane Pfeifer)


Starting up. 06:18.11
---------------------

ADMIN: Loading jobban_rank
ADMIN: jobban_keylist was empty
ADMIN: Updating jobbanfile!
ADMIN: Loading goon_keylist
ADMIN: Loading Banlist
ACCESS: Login: Drongood12/(Drongood12) from localhost
ACCESS: Logout: *no client*/(Drongood12)
ACCESS: Login: Drongood12/(Javon Morgan) from localhost
ACCESS: Logout: Drongood12/(Javon Morgan)
